[29-Nov-2017 21:48:24 UTC] PHP Warning:  include(../../../inc/dbConnection.php): failed to open stream: No such file or directory in /home/ubuntu/workspace/CST336-Internet-Programming/labs/lab9/api/getPetInfo.php on line 3
[29-Nov-2017 21:48:24 UTC] PHP Stack trace:
[29-Nov-2017 21:48:24 UTC] PHP   1. {main}() /home/ubuntu/workspace/CST336-Internet-Programming/labs/lab9/api/getPetInfo.php:0
[29-Nov-2017 21:48:24 UTC] PHP Warning:  include(): Failed opening '../../../inc/dbConnection.php' for inclusion (include_path='.:/usr/share/php:/usr/share/pear') in /home/ubuntu/workspace/CST336-Internet-Programming/labs/lab9/api/getPetInfo.php on line 3
[29-Nov-2017 21:48:24 UTC] PHP Stack trace:
[29-Nov-2017 21:48:24 UTC] PHP   1. {main}() /home/ubuntu/workspace/CST336-Internet-Programming/labs/lab9/api/getPetInfo.php:0
[29-Nov-2017 21:48:24 UTC] PHP Fatal error:  Call to undefined function getDBConnection() in /home/ubuntu/workspace/CST336-Internet-Programming/labs/lab9/api/getPetInfo.php on line 4
[29-Nov-2017 21:48:24 UTC] PHP Stack trace:
[29-Nov-2017 21:48:24 UTC] PHP   1. {main}() /home/ubuntu/workspace/CST336-Internet-Programming/labs/lab9/api/getPetInfo.php:0
[29-Nov-2017 21:48:25 UTC] PHP Warning:  include(../../../inc/dbConnection.php): failed to open stream: No such file or directory in /home/ubuntu/workspace/CST336-Internet-Programming/labs/lab9/api/getPetInfo.php on line 3
[29-Nov-2017 21:48:25 UTC] PHP Stack trace:
[29-Nov-2017 21:48:25 UTC] PHP   1. {main}() /home/ubuntu/workspace/CST336-Internet-Programming/labs/lab9/api/getPetInfo.php:0
[29-Nov-2017 21:48:25 UTC] PHP Warning:  include(): Failed opening '../../../inc/dbConnection.php' for inclusion (include_path='.:/usr/share/php:/usr/share/pear') in /home/ubuntu/workspace/CST336-Internet-Programming/labs/lab9/api/getPetInfo.php on line 3
[29-Nov-2017 21:48:25 UTC] PHP Stack trace:
[29-Nov-2017 21:48:25 UTC] PHP   1. {main}() /home/ubuntu/workspace/CST336-Internet-Programming/labs/lab9/api/getPetInfo.php:0
[29-Nov-2017 21:48:25 UTC] PHP Fatal error:  Call to undefined function getDBConnection() in /home/ubuntu/workspace/CST336-Internet-Programming/labs/lab9/api/getPetInfo.php on line 4
[29-Nov-2017 21:48:25 UTC] PHP Stack trace:
[29-Nov-2017 21:48:25 UTC] PHP   1. {main}() /home/ubuntu/workspace/CST336-Internet-Programming/labs/lab9/api/getPetInfo.php:0
[29-Nov-2017 21:49:59 UTC] PHP Warning:  include(../../../inc/dbConnection.php): failed to open stream: No such file or directory in /home/ubuntu/workspace/CST336-Internet-Programming/labs/lab9/api/getPetInfo.php on line 3
[29-Nov-2017 21:49:59 UTC] PHP Stack trace:
[29-Nov-2017 21:49:59 UTC] PHP   1. {main}() /home/ubuntu/workspace/CST336-Internet-Programming/labs/lab9/api/getPetInfo.php:0
[29-Nov-2017 21:49:59 UTC] PHP Warning:  include(): Failed opening '../../../inc/dbConnection.php' for inclusion (include_path='.:/usr/share/php:/usr/share/pear') in /home/ubuntu/workspace/CST336-Internet-Programming/labs/lab9/api/getPetInfo.php on line 3
[29-Nov-2017 21:49:59 UTC] PHP Stack trace:
[29-Nov-2017 21:49:59 UTC] PHP   1. {main}() /home/ubuntu/workspace/CST336-Internet-Programming/labs/lab9/api/getPetInfo.php:0
[29-Nov-2017 21:49:59 UTC] PHP Fatal error:  Call to undefined function getDBConnection() in /home/ubuntu/workspace/CST336-Internet-Programming/labs/lab9/api/getPetInfo.php on line 4
[29-Nov-2017 21:49:59 UTC] PHP Stack trace:
[29-Nov-2017 21:49:59 UTC] PHP   1. {main}() /home/ubuntu/workspace/CST336-Internet-Programming/labs/lab9/api/getPetInfo.php:0
[29-Nov-2017 21:50:47 UTC] PHP Warning:  include(../../../inc/dbConnection.php): failed to open stream: No such file or directory in /home/ubuntu/workspace/CST336-Internet-Programming/labs/lab9/api/getPetInfo.php on line 3
[29-Nov-2017 21:50:47 UTC] PHP Stack trace:
[29-Nov-2017 21:50:47 UTC] PHP   1. {main}() /home/ubuntu/workspace/CST336-Internet-Programming/labs/lab9/api/getPetInfo.php:0
[29-Nov-2017 21:50:47 UTC] PHP Warning:  include(): Failed opening '../../../inc/dbConnection.php' for inclusion (include_path='.:/usr/share/php:/usr/share/pear') in /home/ubuntu/workspace/CST336-Internet-Programming/labs/lab9/api/getPetInfo.php on line 3
[29-Nov-2017 21:50:47 UTC] PHP Stack trace:
[29-Nov-2017 21:50:47 UTC] PHP   1. {main}() /home/ubuntu/workspace/CST336-Internet-Programming/labs/lab9/api/getPetInfo.php:0
[29-Nov-2017 21:50:47 UTC] PHP Fatal error:  Call to undefined function getDBConnection() in /home/ubuntu/workspace/CST336-Internet-Programming/labs/lab9/api/getPetInfo.php on line 4
[29-Nov-2017 21:50:47 UTC] PHP Stack trace:
[29-Nov-2017 21:50:47 UTC] PHP   1. {main}() /home/ubuntu/workspace/CST336-Internet-Programming/labs/lab9/api/getPetInfo.php:0
[01-Dec-2017 20:23:58 UTC] PHP Warning:  include(../../../inc/dbConnection.php): failed to open stream: No such file or directory in /home/ubuntu/workspace/CST336-Internet-Programming/labs/lab9/api/getPetInfo.php on line 3
[01-Dec-2017 20:23:58 UTC] PHP Stack trace:
[01-Dec-2017 20:23:58 UTC] PHP   1. {main}() /home/ubuntu/workspace/CST336-Internet-Programming/labs/lab9/api/getPetInfo.php:0
[01-Dec-2017 20:23:58 UTC] PHP Warning:  include(): Failed opening '../../../inc/dbConnection.php' for inclusion (include_path='.:/usr/share/php:/usr/share/pear') in /home/ubuntu/workspace/CST336-Internet-Programming/labs/lab9/api/getPetInfo.php on line 3
[01-Dec-2017 20:23:58 UTC] PHP Stack trace:
[01-Dec-2017 20:23:58 UTC] PHP   1. {main}() /home/ubuntu/workspace/CST336-Internet-Programming/labs/lab9/api/getPetInfo.php:0
[01-Dec-2017 20:23:58 UTC] PHP Fatal error:  Call to undefined function getDBConnection() in /home/ubuntu/workspace/CST336-Internet-Programming/labs/lab9/api/getPetInfo.php on line 4
[01-Dec-2017 20:23:58 UTC] PHP Stack trace:
[01-Dec-2017 20:23:58 UTC] PHP   1. {main}() /home/ubuntu/workspace/CST336-Internet-Programming/labs/lab9/api/getPetInfo.php:0
[01-Dec-2017 20:23:59 UTC] PHP Warning:  include(../../../inc/dbConnection.php): failed to open stream: No such file or directory in /home/ubuntu/workspace/CST336-Internet-Programming/labs/lab9/api/getPetInfo.php on line 3
[01-Dec-2017 20:23:59 UTC] PHP Stack trace:
[01-Dec-2017 20:23:59 UTC] PHP   1. {main}() /home/ubuntu/workspace/CST336-Internet-Programming/labs/lab9/api/getPetInfo.php:0
[01-Dec-2017 20:23:59 UTC] PHP Warning:  include(): Failed opening '../../../inc/dbConnection.php' for inclusion (include_path='.:/usr/share/php:/usr/share/pear') in /home/ubuntu/workspace/CST336-Internet-Programming/labs/lab9/api/getPetInfo.php on line 3
[01-Dec-2017 20:23:59 UTC] PHP Stack trace:
[01-Dec-2017 20:23:59 UTC] PHP   1. {main}() /home/ubuntu/workspace/CST336-Internet-Programming/labs/lab9/api/getPetInfo.php:0
[01-Dec-2017 20:23:59 UTC] PHP Fatal error:  Call to undefined function getDBConnection() in /home/ubuntu/workspace/CST336-Internet-Programming/labs/lab9/api/getPetInfo.php on line 4
[01-Dec-2017 20:23:59 UTC] PHP Stack trace:
[01-Dec-2017 20:23:59 UTC] PHP   1. {main}() /home/ubuntu/workspace/CST336-Internet-Programming/labs/lab9/api/getPetInfo.php:0
[01-Dec-2017 20:26:22 UTC] PHP Warning:  include(../../dbConnection.php): failed to open stream: No such file or directory in /home/ubuntu/workspace/CST336-Internet-Programming/labs/lab9/api/getPetInfo.php on line 3
[01-Dec-2017 20:26:22 UTC] PHP Stack trace:
[01-Dec-2017 20:26:22 UTC] PHP   1. {main}() /home/ubuntu/workspace/CST336-Internet-Programming/labs/lab9/api/getPetInfo.php:0
[01-Dec-2017 20:26:22 UTC] PHP Warning:  include(): Failed opening '../../dbConnection.php' for inclusion (include_path='.:/usr/share/php:/usr/share/pear') in /home/ubuntu/workspace/CST336-Internet-Programming/labs/lab9/api/getPetInfo.php on line 3
[01-Dec-2017 20:26:22 UTC] PHP Stack trace:
[01-Dec-2017 20:26:22 UTC] PHP   1. {main}() /home/ubuntu/workspace/CST336-Internet-Programming/labs/lab9/api/getPetInfo.php:0
[01-Dec-2017 20:26:22 UTC] PHP Fatal error:  Call to undefined function getDatabaseConnection() in /home/ubuntu/workspace/CST336-Internet-Programming/labs/lab9/api/getPetInfo.php on line 4
[01-Dec-2017 20:26:22 UTC] PHP Stack trace:
[01-Dec-2017 20:26:22 UTC] PHP   1. {main}() /home/ubuntu/workspace/CST336-Internet-Programming/labs/lab9/api/getPetInfo.php:0
[01-Dec-2017 20:26:24 UTC] PHP Warning:  include(../../dbConnection.php): failed to open stream: No such file or directory in /home/ubuntu/workspace/CST336-Internet-Programming/labs/lab9/api/getPetInfo.php on line 3
[01-Dec-2017 20:26:24 UTC] PHP Stack trace:
[01-Dec-2017 20:26:24 UTC] PHP   1. {main}() /home/ubuntu/workspace/CST336-Internet-Programming/labs/lab9/api/getPetInfo.php:0
[01-Dec-2017 20:26:24 UTC] PHP Warning:  include(): Failed opening '../../dbConnection.php' for inclusion (include_path='.:/usr/share/php:/usr/share/pear') in /home/ubuntu/workspace/CST336-Internet-Programming/labs/lab9/api/getPetInfo.php on line 3
[01-Dec-2017 20:26:24 UTC] PHP Stack trace:
[01-Dec-2017 20:26:24 UTC] PHP   1. {main}() /home/ubuntu/workspace/CST336-Internet-Programming/labs/lab9/api/getPetInfo.php:0
[01-Dec-2017 20:26:24 UTC] PHP Fatal error:  Call to undefined function getDatabaseConnection() in /home/ubuntu/workspace/CST336-Internet-Programming/labs/lab9/api/getPetInfo.php on line 4
[01-Dec-2017 20:26:24 UTC] PHP Stack trace:
[01-Dec-2017 20:26:24 UTC] PHP   1. {main}() /home/ubuntu/workspace/CST336-Internet-Programming/labs/lab9/api/getPetInfo.php:0
[01-Dec-2017 20:27:24 UTC] PHP Warning:  include(../../dbConnection.php): failed to open stream: No such file or directory in /home/ubuntu/workspace/CST336-Internet-Programming/labs/lab9/api/getPetInfo.php on line 3
[01-Dec-2017 20:27:24 UTC] PHP Stack trace:
[01-Dec-2017 20:27:24 UTC] PHP   1. {main}() /home/ubuntu/workspace/CST336-Internet-Programming/labs/lab9/api/getPetInfo.php:0
[01-Dec-2017 20:27:24 UTC] PHP Warning:  include(): Failed opening '../../dbConnection.php' for inclusion (include_path='.:/usr/share/php:/usr/share/pear') in /home/ubuntu/workspace/CST336-Internet-Programming/labs/lab9/api/getPetInfo.php on line 3
[01-Dec-2017 20:27:24 UTC] PHP Stack trace:
[01-Dec-2017 20:27:24 UTC] PHP   1. {main}() /home/ubuntu/workspace/CST336-Internet-Programming/labs/lab9/api/getPetInfo.php:0
[01-Dec-2017 20:27:24 UTC] PHP Fatal error:  Call to undefined function getDatabaseConnection() in /home/ubuntu/workspace/CST336-Internet-Programming/labs/lab9/api/getPetInfo.php on line 4
[01-Dec-2017 20:27:24 UTC] PHP Stack trace:
[01-Dec-2017 20:27:24 UTC] PHP   1. {main}() /home/ubuntu/workspace/CST336-Internet-Programming/labs/lab9/api/getPetInfo.php:0
[01-Dec-2017 20:30:27 UTC] PHP Warning:  include(../../dbConnection.php): failed to open stream: No such file or directory in /home/ubuntu/workspace/CST336-Internet-Programming/labs/lab9/api/getPetInfo.php on line 3
[01-Dec-2017 20:30:27 UTC] PHP Stack trace:
[01-Dec-2017 20:30:27 UTC] PHP   1. {main}() /home/ubuntu/workspace/CST336-Internet-Programming/labs/lab9/api/getPetInfo.php:0
[01-Dec-2017 20:30:27 UTC] PHP Warning:  include(): Failed opening '../../dbConnection.php' for inclusion (include_path='.:/usr/share/php:/usr/share/pear') in /home/ubuntu/workspace/CST336-Internet-Programming/labs/lab9/api/getPetInfo.php on line 3
[01-Dec-2017 20:30:27 UTC] PHP Stack trace:
[01-Dec-2017 20:30:27 UTC] PHP   1. {main}() /home/ubuntu/workspace/CST336-Internet-Programming/labs/lab9/api/getPetInfo.php:0
[01-Dec-2017 20:30:27 UTC] PHP Fatal error:  Call to undefined function getDatabaseConnection() in /home/ubuntu/workspace/CST336-Internet-Programming/labs/lab9/api/getPetInfo.php on line 4
[01-Dec-2017 20:30:27 UTC] PHP Stack trace:
[01-Dec-2017 20:30:27 UTC] PHP   1. {main}() /home/ubuntu/workspace/CST336-Internet-Programming/labs/lab9/api/getPetInfo.php:0
[01-Dec-2017 20:30:29 UTC] PHP Warning:  include(../../dbConnection.php): failed to open stream: No such file or directory in /home/ubuntu/workspace/CST336-Internet-Programming/labs/lab9/api/getPetInfo.php on line 3
[01-Dec-2017 20:30:29 UTC] PHP Stack trace:
[01-Dec-2017 20:30:29 UTC] PHP   1. {main}() /home/ubuntu/workspace/CST336-Internet-Programming/labs/lab9/api/getPetInfo.php:0
[01-Dec-2017 20:30:29 UTC] PHP Warning:  include(): Failed opening '../../dbConnection.php' for inclusion (include_path='.:/usr/share/php:/usr/share/pear') in /home/ubuntu/workspace/CST336-Internet-Programming/labs/lab9/api/getPetInfo.php on line 3
[01-Dec-2017 20:30:29 UTC] PHP Stack trace:
[01-Dec-2017 20:30:29 UTC] PHP   1. {main}() /home/ubuntu/workspace/CST336-Internet-Programming/labs/lab9/api/getPetInfo.php:0
[01-Dec-2017 20:30:29 UTC] PHP Fatal error:  Call to undefined function getDatabaseConnection() in /home/ubuntu/workspace/CST336-Internet-Programming/labs/lab9/api/getPetInfo.php on line 4
[01-Dec-2017 20:30:29 UTC] PHP Stack trace:
[01-Dec-2017 20:30:29 UTC] PHP   1. {main}() /home/ubuntu/workspace/CST336-Internet-Programming/labs/lab9/api/getPetInfo.php:0
[01-Dec-2017 20:30:31 UTC] PHP Warning:  include(../../dbConnection.php): failed to open stream: No such file or directory in /home/ubuntu/workspace/CST336-Internet-Programming/labs/lab9/api/getPetInfo.php on line 3
[01-Dec-2017 20:30:31 UTC] PHP Stack trace:
[01-Dec-2017 20:30:31 UTC] PHP   1. {main}() /home/ubuntu/workspace/CST336-Internet-Programming/labs/lab9/api/getPetInfo.php:0
[01-Dec-2017 20:30:31 UTC] PHP Warning:  include(): Failed opening '../../dbConnection.php' for inclusion (include_path='.:/usr/share/php:/usr/share/pear') in /home/ubuntu/workspace/CST336-Internet-Programming/labs/lab9/api/getPetInfo.php on line 3
[01-Dec-2017 20:30:31 UTC] PHP Stack trace:
[01-Dec-2017 20:30:31 UTC] PHP   1. {main}() /home/ubuntu/workspace/CST336-Internet-Programming/labs/lab9/api/getPetInfo.php:0
[01-Dec-2017 20:30:31 UTC] PHP Fatal error:  Call to undefined function getDatabaseConnection() in /home/ubuntu/workspace/CST336-Internet-Programming/labs/lab9/api/getPetInfo.php on line 4
[01-Dec-2017 20:30:31 UTC] PHP Stack trace:
[01-Dec-2017 20:30:31 UTC] PHP   1. {main}() /home/ubuntu/workspace/CST336-Internet-Programming/labs/lab9/api/getPetInfo.php:0
[01-Dec-2017 20:30:31 UTC] PHP Warning:  include(../../dbConnection.php): failed to open stream: No such file or directory in /home/ubuntu/workspace/CST336-Internet-Programming/labs/lab9/api/getPetInfo.php on line 3
[01-Dec-2017 20:30:31 UTC] PHP Stack trace:
[01-Dec-2017 20:30:31 UTC] PHP   1. {main}() /home/ubuntu/workspace/CST336-Internet-Programming/labs/lab9/api/getPetInfo.php:0
[01-Dec-2017 20:30:31 UTC] PHP Warning:  include(): Failed opening '../../dbConnection.php' for inclusion (include_path='.:/usr/share/php:/usr/share/pear') in /home/ubuntu/workspace/CST336-Internet-Programming/labs/lab9/api/getPetInfo.php on line 3
[01-Dec-2017 20:30:31 UTC] PHP Stack trace:
[01-Dec-2017 20:30:31 UTC] PHP   1. {main}() /home/ubuntu/workspace/CST336-Internet-Programming/labs/lab9/api/getPetInfo.php:0
[01-Dec-2017 20:30:31 UTC] PHP Fatal error:  Call to undefined function getDatabaseConnection() in /home/ubuntu/workspace/CST336-Internet-Programming/labs/lab9/api/getPetInfo.php on line 4
[01-Dec-2017 20:30:31 UTC] PHP Stack trace:
[01-Dec-2017 20:30:31 UTC] PHP   1. {main}() /home/ubuntu/workspace/CST336-Internet-Programming/labs/lab9/api/getPetInfo.php:0
[01-Dec-2017 20:32:42 UTC] PHP Warning:  include(../../dbConnection.php): failed to open stream: No such file or directory in /home/ubuntu/workspace/CST336-Internet-Programming/labs/lab9/api/getPetInfo.php on line 3
[01-Dec-2017 20:32:42 UTC] PHP Stack trace:
[01-Dec-2017 20:32:42 UTC] PHP   1. {main}() /home/ubuntu/workspace/CST336-Internet-Programming/labs/lab9/api/getPetInfo.php:0
[01-Dec-2017 20:32:42 UTC] PHP Warning:  include(): Failed opening '../../dbConnection.php' for inclusion (include_path='.:/usr/share/php:/usr/share/pear') in /home/ubuntu/workspace/CST336-Internet-Programming/labs/lab9/api/getPetInfo.php on line 3
[01-Dec-2017 20:32:42 UTC] PHP Stack trace:
[01-Dec-2017 20:32:42 UTC] PHP   1. {main}() /home/ubuntu/workspace/CST336-Internet-Programming/labs/lab9/api/getPetInfo.php:0
[01-Dec-2017 20:32:42 UTC] PHP Fatal error:  Call to undefined function getDatabaseConnection() in /home/ubuntu/workspace/CST336-Internet-Programming/labs/lab9/api/getPetInfo.php on line 4
[01-Dec-2017 20:32:42 UTC] PHP Stack trace:
[01-Dec-2017 20:32:42 UTC] PHP   1. {main}() /home/ubuntu/workspace/CST336-Internet-Programming/labs/lab9/api/getPetInfo.php:0
[01-Dec-2017 20:35:28 UTC] PHP Warning:  include(../../dbConnection.php): failed to open stream: No such file or directory in /home/ubuntu/workspace/CST336-Internet-Programming/labs/lab9/api/getPetInfo.php on line 3
[01-Dec-2017 20:35:28 UTC] PHP Stack trace:
[01-Dec-2017 20:35:28 UTC] PHP   1. {main}() /home/ubuntu/workspace/CST336-Internet-Programming/labs/lab9/api/getPetInfo.php:0
[01-Dec-2017 20:35:28 UTC] PHP Warning:  include(): Failed opening '../../dbConnection.php' for inclusion (include_path='.:/usr/share/php:/usr/share/pear') in /home/ubuntu/workspace/CST336-Internet-Programming/labs/lab9/api/getPetInfo.php on line 3
[01-Dec-2017 20:35:28 UTC] PHP Stack trace:
[01-Dec-2017 20:35:28 UTC] PHP   1. {main}() /home/ubuntu/workspace/CST336-Internet-Programming/labs/lab9/api/getPetInfo.php:0
[01-Dec-2017 20:35:28 UTC] PHP Fatal error:  Call to undefined function getDatabaseConnection() in /home/ubuntu/workspace/CST336-Internet-Programming/labs/lab9/api/getPetInfo.php on line 4
[01-Dec-2017 20:35:28 UTC] PHP Stack trace:
[01-Dec-2017 20:35:28 UTC] PHP   1. {main}() /home/ubuntu/workspace/CST336-Internet-Programming/labs/lab9/api/getPetInfo.php:0
[01-Dec-2017 20:35:31 UTC] PHP Warning:  include(../../dbConnection.php): failed to open stream: No such file or directory in /home/ubuntu/workspace/CST336-Internet-Programming/labs/lab9/api/getPetInfo.php on line 3
[01-Dec-2017 20:35:31 UTC] PHP Stack trace:
[01-Dec-2017 20:35:31 UTC] PHP   1. {main}() /home/ubuntu/workspace/CST336-Internet-Programming/labs/lab9/api/getPetInfo.php:0
[01-Dec-2017 20:35:31 UTC] PHP Warning:  include(): Failed opening '../../dbConnection.php' for inclusion (include_path='.:/usr/share/php:/usr/share/pear') in /home/ubuntu/workspace/CST336-Internet-Programming/labs/lab9/api/getPetInfo.php on line 3
[01-Dec-2017 20:35:31 UTC] PHP Stack trace:
[01-Dec-2017 20:35:31 UTC] PHP   1. {main}() /home/ubuntu/workspace/CST336-Internet-Programming/labs/lab9/api/getPetInfo.php:0
[01-Dec-2017 20:35:31 UTC] PHP Fatal error:  Call to undefined function getDatabaseConnection() in /home/ubuntu/workspace/CST336-Internet-Programming/labs/lab9/api/getPetInfo.php on line 4
[01-Dec-2017 20:35:31 UTC] PHP Stack trace:
[01-Dec-2017 20:35:31 UTC] PHP   1. {main}() /home/ubuntu/workspace/CST336-Internet-Programming/labs/lab9/api/getPetInfo.php:0
[01-Dec-2017 20:37:51 UTC] PHP Warning:  include(../../dbConnection.php): failed to open stream: No such file or directory in /home/ubuntu/workspace/CST336-Internet-Programming/labs/lab9/api/getPetInfo.php on line 3
[01-Dec-2017 20:37:51 UTC] PHP Stack trace:
[01-Dec-2017 20:37:51 UTC] PHP   1. {main}() /home/ubuntu/workspace/CST336-Internet-Programming/labs/lab9/api/getPetInfo.php:0
[01-Dec-2017 20:37:51 UTC] PHP Warning:  include(): Failed opening '../../dbConnection.php' for inclusion (include_path='.:/usr/share/php:/usr/share/pear') in /home/ubuntu/workspace/CST336-Internet-Programming/labs/lab9/api/getPetInfo.php on line 3
[01-Dec-2017 20:37:51 UTC] PHP Stack trace:
[01-Dec-2017 20:37:51 UTC] PHP   1. {main}() /home/ubuntu/workspace/CST336-Internet-Programming/labs/lab9/api/getPetInfo.php:0
[01-Dec-2017 20:37:51 UTC] PHP Fatal error:  Call to undefined function getDatabaseConnection() in /home/ubuntu/workspace/CST336-Internet-Programming/labs/lab9/api/getPetInfo.php on line 4
[01-Dec-2017 20:37:51 UTC] PHP Stack trace:
[01-Dec-2017 20:37:51 UTC] PHP   1. {main}() /home/ubuntu/workspace/CST336-Internet-Programming/labs/lab9/api/getPetInfo.php:0
[01-Dec-2017 20:37:52 UTC] PHP Warning:  include(../../dbConnection.php): failed to open stream: No such file or directory in /home/ubuntu/workspace/CST336-Internet-Programming/labs/lab9/api/getPetInfo.php on line 3
[01-Dec-2017 20:37:52 UTC] PHP Stack trace:
[01-Dec-2017 20:37:52 UTC] PHP   1. {main}() /home/ubuntu/workspace/CST336-Internet-Programming/labs/lab9/api/getPetInfo.php:0
[01-Dec-2017 20:37:52 UTC] PHP Warning:  include(): Failed opening '../../dbConnection.php' for inclusion (include_path='.:/usr/share/php:/usr/share/pear') in /home/ubuntu/workspace/CST336-Internet-Programming/labs/lab9/api/getPetInfo.php on line 3
[01-Dec-2017 20:37:52 UTC] PHP Stack trace:
[01-Dec-2017 20:37:52 UTC] PHP   1. {main}() /home/ubuntu/workspace/CST336-Internet-Programming/labs/lab9/api/getPetInfo.php:0
[01-Dec-2017 20:37:52 UTC] PHP Fatal error:  Call to undefined function getDatabaseConnection() in /home/ubuntu/workspace/CST336-Internet-Programming/labs/lab9/api/getPetInfo.php on line 4
[01-Dec-2017 20:37:52 UTC] PHP Stack trace:
[01-Dec-2017 20:37:52 UTC] PHP   1. {main}() /home/ubuntu/workspace/CST336-Internet-Programming/labs/lab9/api/getPetInfo.php:0
[01-Dec-2017 20:38:25 UTC] PHP Warning:  include(../../dbConnection.php): failed to open stream: No such file or directory in /home/ubuntu/workspace/CST336-Internet-Programming/labs/lab9/api/getPetInfo.php on line 3
[01-Dec-2017 20:38:25 UTC] PHP Stack trace:
[01-Dec-2017 20:38:25 UTC] PHP   1. {main}() /home/ubuntu/workspace/CST336-Internet-Programming/labs/lab9/api/getPetInfo.php:0
[01-Dec-2017 20:38:25 UTC] PHP Warning:  include(): Failed opening '../../dbConnection.php' for inclusion (include_path='.:/usr/share/php:/usr/share/pear') in /home/ubuntu/workspace/CST336-Internet-Programming/labs/lab9/api/getPetInfo.php on line 3
[01-Dec-2017 20:38:25 UTC] PHP Stack trace:
[01-Dec-2017 20:38:25 UTC] PHP   1. {main}() /home/ubuntu/workspace/CST336-Internet-Programming/labs/lab9/api/getPetInfo.php:0
[01-Dec-2017 20:38:25 UTC] PHP Fatal error:  Call to undefined function getDatabaseConnection() in /home/ubuntu/workspace/CST336-Internet-Programming/labs/lab9/api/getPetInfo.php on line 4
[01-Dec-2017 20:38:25 UTC] PHP Stack trace:
[01-Dec-2017 20:38:25 UTC] PHP   1. {main}() /home/ubuntu/workspace/CST336-Internet-Programming/labs/lab9/api/getPetInfo.php:0
[01-Dec-2017 20:38:41 UTC] PHP Warning:  include(../../dbConnection.php): failed to open stream: No such file or directory in /home/ubuntu/workspace/CST336-Internet-Programming/labs/lab9/api/getPetInfo.php on line 3
[01-Dec-2017 20:38:41 UTC] PHP Stack trace:
[01-Dec-2017 20:38:41 UTC] PHP   1. {main}() /home/ubuntu/workspace/CST336-Internet-Programming/labs/lab9/api/getPetInfo.php:0
[01-Dec-2017 20:38:41 UTC] PHP Warning:  include(): Failed opening '../../dbConnection.php' for inclusion (include_path='.:/usr/share/php:/usr/share/pear') in /home/ubuntu/workspace/CST336-Internet-Programming/labs/lab9/api/getPetInfo.php on line 3
[01-Dec-2017 20:38:41 UTC] PHP Stack trace:
[01-Dec-2017 20:38:41 UTC] PHP   1. {main}() /home/ubuntu/workspace/CST336-Internet-Programming/labs/lab9/api/getPetInfo.php:0
[01-Dec-2017 20:38:41 UTC] PHP Fatal error:  Call to undefined function getDatabaseConnection() in /home/ubuntu/workspace/CST336-Internet-Programming/labs/lab9/api/getPetInfo.php on line 4
[01-Dec-2017 20:38:41 UTC] PHP Stack trace:
[01-Dec-2017 20:38:41 UTC] PHP   1. {main}() /home/ubuntu/workspace/CST336-Internet-Programming/labs/lab9/api/getPetInfo.php:0
